# JRE version: OpenJDK Runtime Environment (8.0_202) (build 1.8.0_202-release-1483-b49-5587405)
# Java VM: OpenJDK 64-Bit Server VM (25.202-b49-5587405 mixed mode linux-amd64 compressed oops)
Heap:
 PSYoungGen      total 194048K, used 18920K [0x00000000e0000000, 0x00000000f0580000, 0x0000000100000000)
  eden space 175104K, 0% used [0x00000000e0000000,0x00000000e0000000,0x00000000eab00000)
  from space 18944K, 99% used [0x00000000ef300000,0x00000000f057a040,0x00000000f0580000)
  to   space 13824K, 0% used [0x00000000eab00000,0x00000000eab00000,0x00000000eb880000)
 ParOldGen       total 80896K, used 38129K [0x00000000a0000000, 0x00000000a4f00000, 0x00000000e0000000)
  object space 80896K, 47% used [0x00000000a0000000,0x00000000a253c548,0x00000000a4f00000)
 Metaspace       used 56049K, capacity 58302K, committed 58368K, reserved 1099776K
  class space    used 7632K, capacity 8189K, committed 8192K, reserved 1048576K
GC Heap History (10 events):
Event: 16.818 GC heap after
Heap after GC invocations=7 (full 1):
 PSYoungGen      total 112128K, used 7213K [0x00000000e0000000, 0x00000000e8b00000, 0x0000000100000000)
  eden space 104448K, 0% used [0x00000000e0000000,0x00000000e0000000,0x00000000e6600000)
  from space 7680K, 93% used [0x00000000e8380000,0x00000000e8a8b7d8,0x00000000e8b00000)
  to   space 11264K, 0% used [0x00000000e7500000,0x00000000e7500000,0x00000000e8000000)
 ParOldGen       total 56320K, used 10830K [0x00000000a0000000, 0x00000000a3700000, 0x00000000e0000000)
  object space 56320K, 19% used [0x00000000a0000000,0x00000000a0a93aa0,0x00000000a3700000)
 Metaspace       used 27845K, capacity 28338K, committed 28672K, reserved 1073152K
  class space    used 3841K, capacity 3996K, committed 4096K, reserved 1048576K
}
Event: 19.622 GC heap before
{Heap before GC invocations=8 (full 1):
 PSYoungGen      total 112128K, used 111661K [0x00000000e0000000, 0x00000000e8b00000, 0x0000000100000000)
  eden space 104448K, 100% used [0x00000000e0000000,0x00000000e6600000,0x00000000e6600000)
  from space 7680K, 93% used [0x00000000e8380000,0x00000000e8a8b7d8,0x00000000e8b00000)
  to   space 11264K, 0% used [0x00000000e7500000,0x00000000e7500000,0x00000000e8000000)
 ParOldGen       total 56320K, used 10830K [0x00000000a0000000, 0x00000000a3700000, 0x00000000e0000000)
  object space 56320K, 19% used [0x00000000a0000000,0x00000000a0a93aa0,0x00000000a3700000)
 Metaspace       used 33608K, capacity 34624K, committed 34944K, reserved 1079296K
  class space    used 4656K, capacity 4912K, committed 4992K, reserved 1048576K
Event: 19.653 GC heap after
Heap after GC invocations=8 (full 1):
 PSYoungGen      total 131072K, used 11238K [0x00000000e0000000, 0x00000000ec600000, 0x0000000100000000)
  eden space 119808K, 0% used [0x00000000e0000000,0x00000000e0000000,0x00000000e7500000)
  from space 11264K, 99% used [0x00000000e7500000,0x00000000e7ff99e8,0x00000000e8000000)
  to   space 13824K, 0% used [0x00000000eb880000,0x00000000eb880000,0x00000000ec600000)
 ParOldGen       total 56320K, used 12472K [0x00000000a0000000, 0x00000000a3700000, 0x00000000e0000000)
  object space 56320K, 22% used [0x00000000a0000000,0x00000000a0c2e1c0,0x00000000a3700000)
 Metaspace       used 33608K, capacity 34624K, committed 34944K, reserved 1079296K
  class space    used 4656K, capacity 4912K, committed 4992K, reserved 1048576K
}
Event: 20.359 GC heap before
{Heap before GC invocations=9 (full 1):
 PSYoungGen      total 131072K, used 26567K [0x00000000e0000000, 0x00000000ec600000, 0x0000000100000000)
  eden space 119808K, 12% used [0x00000000e0000000,0x00000000e0ef8550,0x00000000e7500000)
  from space 11264K, 99% used [0x00000000e7500000,0x00000000e7ff99e8,0x00000000e8000000)
  to   space 13824K, 0% used [0x00000000eb880000,0x00000000eb880000,0x00000000ec600000)
 ParOldGen       total 56320K, used 12472K [0x00000000a0000000, 0x00000000a3700000, 0x00000000e0000000)
  object space 56320K, 22% used [0x00000000a0000000,0x00000000a0c2e1c0,0x00000000a3700000)
 Metaspace       used 34330K, capacity 35344K, committed 35496K, reserved 1079296K
  class space    used 4743K, capacity 5018K, committed 5120K, reserved 1048576K
Event: 20.377 GC heap after
Heap after GC invocations=9 (full 1):
 PSYoungGen      total 188928K, used 9704K [0x00000000e0000000, 0x00000000ee280000, 0x0000000100000000)
  eden space 175104K, 0% used [0x00000000e0000000,0x00000000e0000000,0x00000000eab00000)
  from space 13824K, 70% used [0x00000000eb880000,0x00000000ec1fa1c0,0x00000000ec600000)
  to   space 13824K, 0% used [0x00000000eab00000,0x00000000eab00000,0x00000000eb880000)
 ParOldGen       total 56320K, used 12480K [0x00000000a0000000, 0x00000000a3700000, 0x00000000e0000000)
  object space 56320K, 22% used [0x00000000a0000000,0x00000000a0c301c0,0x00000000a3700000)
 Metaspace       used 34330K, capacity 35344K, committed 35496K, reserved 1079296K
  class space    used 4743K, capacity 5018K, committed 5120K, reserved 1048576K
}
Event: 20.377 GC heap before
{Heap before GC invocations=10 (full 2):
 PSYoungGen      total 188928K, used 9704K [0x00000000e0000000, 0x00000000ee280000, 0x0000000100000000)
  eden space 175104K, 0% used [0x00000000e0000000,0x00000000e0000000,0x00000000eab00000)
  from space 13824K, 70% used [0x00000000eb880000,0x00000000ec1fa1c0,0x00000000ec600000)
  to   space 13824K, 0% used [0x00000000eab00000,0x00000000eab00000,0x00000000eb880000)
 ParOldGen       total 56320K, used 12480K [0x00000000a0000000, 0x00000000a3700000, 0x00000000e0000000)
  object space 56320K, 22% used [0x00000000a0000000,0x00000000a0c301c0,0x00000000a3700000)
 Metaspace       used 34330K, capacity 35344K, committed 35496K, reserved 1079296K
  class space    used 4743K, capacity 5018K, committed 5120K, reserved 1048576K
Event: 20.526 GC heap after
Heap after GC invocations=10 (full 2):
 PSYoungGen      total 188928K, used 0K [0x00000000e0000000, 0x00000000ee280000, 0x0000000100000000)
  eden space 175104K, 0% used [0x00000000e0000000,0x00000000e0000000,0x00000000eab00000)
  from space 13824K, 0% used [0x00000000eb880000,0x00000000eb880000,0x00000000ec600000)
  to   space 13824K, 0% used [0x00000000eab00000,0x00000000eab00000,0x00000000eb880000)
 ParOldGen       total 80896K, used 16358K [0x00000000a0000000, 0x00000000a4f00000, 0x00000000e0000000)
  object space 80896K, 20% used [0x00000000a0000000,0x00000000a0ff99c8,0x00000000a4f00000)
 Metaspace       used 34330K, capacity 35344K, committed 35496K, reserved 1079296K
  class space    used 4743K, capacity 5018K, committed 5120K, reserved 1048576K
}
Event: 25.561 GC heap before
{Heap before GC invocations=11 (full 2):
 PSYoungGen      total 188928K, used 175104K [0x00000000e0000000, 0x00000000ee280000, 0x0000000100000000)
  eden space 175104K, 100% used [0x00000000e0000000,0x00000000eab00000,0x00000000eab00000)
  from space 13824K, 0% used [0x00000000eb880000,0x00000000eb880000,0x00000000ec600000)
  to   space 13824K, 0% used [0x00000000eab00000,0x00000000eab00000,0x00000000eb880000)
 ParOldGen       total 80896K, used 16358K [0x00000000a0000000, 0x00000000a4f00000, 0x00000000e0000000)
  object space 80896K, 20% used [0x00000000a0000000,0x00000000a0ff99c8,0x00000000a4f00000)
 Metaspace       used 46943K, capacity 48582K, committed 48768K, reserved 1091584K
  class space    used 6346K, capacity 6755K, committed 6784K, reserved 1048576K
Event: 25.699 GC heap after
Heap after GC invocations=11 (full 2):
 PSYoungGen      total 188928K, used 13823K [0x00000000e0000000, 0x00000000f0580000, 0x0000000100000000)
  eden space 175104K, 0% used [0x00000000e0000000,0x00000000e0000000,0x00000000eab00000)
  from space 13824K, 99% used [0x00000000eab00000,0x00000000eb87fda8,0x00000000eb880000)
  to   space 18944K, 0% used [0x00000000ef300000,0x00000000ef300000,0x00000000f0580000)
 ParOldGen       total 80896K, used 24743K [0x00000000a0000000, 0x00000000a4f00000, 0x00000000e0000000)
  object space 80896K, 30% used [0x00000000a0000000,0x00000000a1829e28,0x00000000a4f00000)
 Metaspace       used 46943K, capacity 48582K, committed 48768K, reserved 1091584K
  class space    used 6346K, capacity 6755K, committed 6784K, reserved 1048576K
}
Event: 35.846 GC heap before
{Heap before GC invocations=12 (full 2):
 PSYoungGen      total 188928K, used 188927K [0x00000000e0000000, 0x00000000f0580000, 0x0000000100000000)
  eden space 175104K, 100% used [0x00000000e0000000,0x00000000eab00000,0x00000000eab00000)
  from space 13824K, 99% used [0x00000000eab00000,0x00000000eb87fda8,0x00000000eb880000)
  to   space 18944K, 0% used [0x00000000ef300000,0x00000000ef300000,0x00000000f0580000)
 ParOldGen       total 80896K, used 24743K [0x00000000a0000000, 0x00000000a4f00000, 0x00000000e0000000)
  object space 80896K, 30% used [0x00000000a0000000,0x00000000a1829e28,0x00000000a4f00000)
 Metaspace       used 56049K, capacity 58302K, committed 58368K, reserved 1099776K
  class space    used 7632K, capacity 8189K, committed 8192K, reserved 1048576K

