# JRE version: OpenJDK Runtime Environment (8.0_202) (build 1.8.0_202-release-1483-b49-5587405)
# Java VM: OpenJDK 64-Bit Server VM (25.202-b49-5587405 mixed mode linux-amd64 compressed oops)
Heap:
 PSYoungGen      total 419328K, used 0K [0x00000000e0000000, 0x0000000100000000, 0x0000000100000000)
  eden space 380928K, 0% used [0x00000000e0000000,0x00000000e0000000,0x00000000f7400000)
  from space 38400K, 0% used [0x00000000fda80000,0x00000000fda80000,0x0000000100000000)
  to   space 71680K, 0% used [0x00000000f7400000,0x00000000f7400000,0x00000000fba00000)
 ParOldGen       total 240640K, used 199363K [0x00000000a0000000, 0x00000000aeb00000, 0x00000000e0000000)
  object space 240640K, 82% used [0x00000000a0000000,0x00000000ac2b0d78,0x00000000aeb00000)
 Metaspace       used 82413K, capacity 86072K, committed 86312K, reserved 1124352K
  class space    used 10958K, capacity 11786K, committed 11816K, reserved 1048576K
GC Heap History (10 events):
Event: 55.672 GC heap after
Heap after GC invocations=22 (full 4):
 PSYoungGen      total 474624K, used 35309K [0x00000000e0000000, 0x0000000100000000, 0x0000000100000000)
  eden space 439296K, 0% used [0x00000000e0000000,0x00000000e0000000,0x00000000fad00000)
  from space 35328K, 99% used [0x00000000fda80000,0x00000000ffcfb550,0x00000000ffd00000)
  to   space 42496K, 0% used [0x00000000fad00000,0x00000000fad00000,0x00000000fd680000)
 ParOldGen       total 229888K, used 113107K [0x00000000a0000000, 0x00000000ae080000, 0x00000000e0000000)
  object space 229888K, 49% used [0x00000000a0000000,0x00000000a6e74f58,0x00000000ae080000)
 Metaspace       used 80810K, capacity 84268K, committed 84392K, reserved 1122304K
  class space    used 10829K, capacity 11626K, committed 11688K, reserved 1048576K
}
Event: 57.487 GC heap before
{Heap before GC invocations=23 (full 4):
 PSYoungGen      total 474624K, used 474605K [0x00000000e0000000, 0x0000000100000000, 0x0000000100000000)
  eden space 439296K, 100% used [0x00000000e0000000,0x00000000fad00000,0x00000000fad00000)
  from space 35328K, 99% used [0x00000000fda80000,0x00000000ffcfb550,0x00000000ffd00000)
  to   space 42496K, 0% used [0x00000000fad00000,0x00000000fad00000,0x00000000fd680000)
 ParOldGen       total 229888K, used 113107K [0x00000000a0000000, 0x00000000ae080000, 0x00000000e0000000)
  object space 229888K, 49% used [0x00000000a0000000,0x00000000a6e74f58,0x00000000ae080000)
 Metaspace       used 81180K, capacity 84690K, committed 84904K, reserved 1122304K
  class space    used 10865K, capacity 11683K, committed 11688K, reserved 1048576K
Event: 57.564 GC heap after
Heap after GC invocations=23 (full 4):
 PSYoungGen      total 481792K, used 15542K [0x00000000e0000000, 0x0000000100000000, 0x0000000100000000)
  eden space 439296K, 0% used [0x00000000e0000000,0x00000000e0000000,0x00000000fad00000)
  from space 42496K, 36% used [0x00000000fad00000,0x00000000fbc2d980,0x00000000fd680000)
  to   space 40448K, 0% used [0x00000000fd880000,0x00000000fd880000,0x0000000100000000)
 ParOldGen       total 229888K, used 146564K [0x00000000a0000000, 0x00000000ae080000, 0x00000000e0000000)
  object space 229888K, 63% used [0x00000000a0000000,0x00000000a8f21070,0x00000000ae080000)
 Metaspace       used 81180K, capacity 84690K, committed 84904K, reserved 1122304K
  class space    used 10865K, capacity 11683K, committed 11688K, reserved 1048576K
}
Event: 59.174 GC heap before
{Heap before GC invocations=24 (full 4):
 PSYoungGen      total 481792K, used 454838K [0x00000000e0000000, 0x0000000100000000, 0x0000000100000000)
  eden space 439296K, 100% used [0x00000000e0000000,0x00000000fad00000,0x00000000fad00000)
  from space 42496K, 36% used [0x00000000fad00000,0x00000000fbc2d980,0x00000000fd680000)
  to   space 40448K, 0% used [0x00000000fd880000,0x00000000fd880000,0x0000000100000000)
 ParOldGen       total 229888K, used 146564K [0x00000000a0000000, 0x00000000ae080000, 0x00000000e0000000)
  object space 229888K, 63% used [0x00000000a0000000,0x00000000a8f21070,0x00000000ae080000)
 Metaspace       used 81544K, capacity 85134K, committed 85288K, reserved 1122304K
  class space    used 10887K, capacity 11707K, committed 11816K, reserved 1048576K
Event: 59.212 GC heap after
Heap after GC invocations=24 (full 4):
 PSYoungGen      total 476672K, used 13016K [0x00000000e0000000, 0x00000000ffb00000, 0x0000000100000000)
  eden space 441344K, 0% used [0x00000000e0000000,0x00000000e0000000,0x00000000faf00000)
  from space 35328K, 36% used [0x00000000fd880000,0x00000000fe536348,0x00000000ffb00000)
  to   space 38912K, 0% used [0x00000000faf00000,0x00000000faf00000,0x00000000fd500000)
 ParOldGen       total 229888K, used 158446K [0x00000000a0000000, 0x00000000ae080000, 0x00000000e0000000)
  object space 229888K, 68% used [0x00000000a0000000,0x00000000a9abb8c8,0x00000000ae080000)
 Metaspace       used 81544K, capacity 85134K, committed 85288K, reserved 1122304K
  class space    used 10887K, capacity 11707K, committed 11816K, reserved 1048576K
}
Event: 60.505 GC heap before
{Heap before GC invocations=25 (full 4):
 PSYoungGen      total 476672K, used 454146K [0x00000000e0000000, 0x00000000ffb00000, 0x0000000100000000)
  eden space 441344K, 99% used [0x00000000e0000000,0x00000000faeca820,0x00000000faf00000)
  from space 35328K, 36% used [0x00000000fd880000,0x00000000fe536348,0x00000000ffb00000)
  to   space 38912K, 0% used [0x00000000faf00000,0x00000000faf00000,0x00000000fd500000)
 ParOldGen       total 229888K, used 158446K [0x00000000a0000000, 0x00000000ae080000, 0x00000000e0000000)
  object space 229888K, 68% used [0x00000000a0000000,0x00000000a9abb8c8,0x00000000ae080000)
 Metaspace       used 81658K, capacity 85210K, committed 85544K, reserved 1122304K
  class space    used 10887K, capacity 11707K, committed 11816K, reserved 1048576K
Event: 60.522 GC heap after
Heap after GC invocations=25 (full 4):
 PSYoungGen      total 480256K, used 7969K [0x00000000e0000000, 0x0000000100000000, 0x0000000100000000)
  eden space 441344K, 0% used [0x00000000e0000000,0x00000000e0000000,0x00000000faf00000)
  from space 38912K, 20% used [0x00000000faf00000,0x00000000fb6c8680,0x00000000fd500000)
  to   space 38400K, 0% used [0x00000000fda80000,0x00000000fda80000,0x0000000100000000)
 ParOldGen       total 229888K, used 166388K [0x00000000a0000000, 0x00000000ae080000, 0x00000000e0000000)
  object space 229888K, 72% used [0x00000000a0000000,0x00000000aa27d0e0,0x00000000ae080000)
 Metaspace       used 81658K, capacity 85210K, committed 85544K, reserved 1122304K
  class space    used 10887K, capacity 11707K, committed 11816K, reserved 1048576K
}
Event: 62.545 GC heap before
{Heap before GC invocations=26 (full 4):
 PSYoungGen      total 480256K, used 449313K [0x00000000e0000000, 0x0000000100000000, 0x0000000100000000)
  eden space 441344K, 100% used [0x00000000e0000000,0x00000000faf00000,0x00000000faf00000)
  from space 38912K, 20% used [0x00000000faf00000,0x00000000fb6c8680,0x00000000fd500000)
  to   space 38400K, 0% used [0x00000000fda80000,0x00000000fda80000,0x0000000100000000)
 ParOldGen       total 229888K, used 166388K [0x00000000a0000000, 0x00000000ae080000, 0x00000000e0000000)
  object space 229888K, 72% used [0x00000000a0000000,0x00000000aa27d0e0,0x00000000ae080000)
 Metaspace       used 82422K, capacity 86096K, committed 86312K, reserved 1124352K
  class space    used 10961K, capacity 11792K, committed 11816K, reserved 1048576K
Event: 62.772 GC heap after
Heap after GC invocations=26 (full 4):
 PSYoungGen      total 419328K, used 38379K [0x00000000e0000000, 0x0000000100000000, 0x0000000100000000)
  eden space 380928K, 0% used [0x00000000e0000000,0x00000000e0000000,0x00000000f7400000)
  from space 38400K, 99% used [0x00000000fda80000,0x00000000ffffac98,0x0000000100000000)
  to   space 71680K, 0% used [0x00000000f7400000,0x00000000f7400000,0x00000000fba00000)
 ParOldGen       total 240640K, used 240238K [0x00000000a0000000, 0x00000000aeb00000, 0x00000000e0000000)
  object space 240640K, 99% used [0x00000000a0000000,0x00000000aea9b878,0x00000000aeb00000)
 Metaspace       used 82422K, capacity 86096K, committed 86312K, reserved 1124352K
  class space    used 10961K, capacity 11792K, committed 11816K, reserved 1048576K
}
Event: 62.772 GC heap before
{Heap before GC invocations=27 (full 5):
 PSYoungGen      total 419328K, used 38379K [0x00000000e0000000, 0x0000000100000000, 0x0000000100000000)
  eden space 380928K, 0% used [0x00000000e0000000,0x00000000e0000000,0x00000000f7400000)
  from space 38400K, 99% used [0x00000000fda80000,0x00000000ffffac98,0x0000000100000000)
  to   space 71680K, 0% used [0x00000000f7400000,0x00000000f7400000,0x00000000fba00000)
 ParOldGen       total 240640K, used 240238K [0x00000000a0000000, 0x00000000aeb00000, 0x00000000e0000000)
  object space 240640K, 99% used [0x00000000a0000000,0x00000000aea9b878,0x00000000aeb00000)
 Metaspace       used 82422K, capacity 86096K, committed 86312K, reserved 1124352K
  class space    used 10961K, capacity 11792K, committed 11816K, reserved 1048576K

