# JRE version: OpenJDK Runtime Environment (8.0_202) (build 1.8.0_202-release-1483-b49-5587405)
# Java VM: OpenJDK 64-Bit Server VM (25.202-b49-5587405 mixed mode linux-amd64 compressed oops)
Heap:
 PSYoungGen      total 443904K, used 0K [0x00000000e0000000, 0x0000000100000000, 0x0000000100000000)
  eden space 363520K, 0% used [0x00000000e0000000,0x00000000e0000000,0x00000000f6300000)
  from space 80384K, 0% used [0x00000000f6300000,0x00000000f6300000,0x00000000fb180000)
  to   space 80384K, 63% used [0x00000000fb180000,0x00000000fe3723b8,0x0000000100000000)
 ParOldGen       total 255488K, used 255027K [0x00000000a0000000, 0x00000000af980000, 0x00000000e0000000)
  object space 255488K, 99% used [0x00000000a0000000,0x00000000af90ce38,0x00000000af980000)
 Metaspace       used 143702K, capacity 151368K, committed 151464K, reserved 1181696K
  class space    used 18357K, capacity 19861K, committed 19880K, reserved 1048576K
GC Heap History (10 events):
Event: 534.152 GC heap after
Heap after GC invocations=30 (full 4):
 PSYoungGen      total 451072K, used 43987K [0x00000000e0000000, 0x0000000100000000, 0x0000000100000000)
  eden space 384000K, 0% used [0x00000000e0000000,0x00000000e0000000,0x00000000f7700000)
  from space 67072K, 65% used [0x00000000fbe80000,0x00000000fe974e48,0x0000000100000000)
  to   space 70144K, 0% used [0x00000000f7700000,0x00000000f7700000,0x00000000fbb80000)
 ParOldGen       total 231936K, used 105851K [0x00000000a0000000, 0x00000000ae280000, 0x00000000e0000000)
  object space 231936K, 45% used [0x00000000a0000000,0x00000000a675ec48,0x00000000ae280000)
 Metaspace       used 124944K, capacity 131884K, committed 132008K, reserved 1163264K
  class space    used 16154K, capacity 17493K, committed 17576K, reserved 1048576K
}
Event: 543.987 GC heap before
{Heap before GC invocations=31 (full 4):
 PSYoungGen      total 451072K, used 427987K [0x00000000e0000000, 0x0000000100000000, 0x0000000100000000)
  eden space 384000K, 100% used [0x00000000e0000000,0x00000000f7700000,0x00000000f7700000)
  from space 67072K, 65% used [0x00000000fbe80000,0x00000000fe974e48,0x0000000100000000)
  to   space 70144K, 0% used [0x00000000f7700000,0x00000000f7700000,0x00000000fbb80000)
 ParOldGen       total 231936K, used 105851K [0x00000000a0000000, 0x00000000ae280000, 0x00000000e0000000)
  object space 231936K, 45% used [0x00000000a0000000,0x00000000a675ec48,0x00000000ae280000)
 Metaspace       used 127116K, capacity 134140K, committed 134312K, reserved 1165312K
  class space    used 16418K, capacity 17791K, committed 17832K, reserved 1048576K
Event: 544.079 GC heap after
Heap after GC invocations=31 (full 4):
 PSYoungGen      total 432128K, used 47842K [0x00000000e0000000, 0x0000000100000000, 0x0000000100000000)
  eden space 384000K, 0% used [0x00000000e0000000,0x00000000e0000000,0x00000000f7700000)
  from space 48128K, 99% used [0x00000000f7700000,0x00000000fa5b8830,0x00000000fa600000)
  to   space 73216K, 0% used [0x00000000fb880000,0x00000000fb880000,0x0000000100000000)
 ParOldGen       total 231936K, used 105859K [0x00000000a0000000, 0x00000000ae280000, 0x00000000e0000000)
  object space 231936K, 45% used [0x00000000a0000000,0x00000000a6760c48,0x00000000ae280000)
 Metaspace       used 127116K, capacity 134140K, committed 134312K, reserved 1165312K
  class space    used 16418K, capacity 17791K, committed 17832K, reserved 1048576K
}
Event: 583.246 GC heap before
{Heap before GC invocations=32 (full 4):
 PSYoungGen      total 432128K, used 431842K [0x00000000e0000000, 0x0000000100000000, 0x0000000100000000)
  eden space 384000K, 100% used [0x00000000e0000000,0x00000000f7700000,0x00000000f7700000)
  from space 48128K, 99% used [0x00000000f7700000,0x00000000fa5b8830,0x00000000fa600000)
  to   space 73216K, 0% used [0x00000000fb880000,0x00000000fb880000,0x0000000100000000)
 ParOldGen       total 231936K, used 105859K [0x00000000a0000000, 0x00000000ae280000, 0x00000000e0000000)
  object space 231936K, 45% used [0x00000000a0000000,0x00000000a6760c48,0x00000000ae280000)
 Metaspace       used 135000K, capacity 142602K, committed 142760K, reserved 1173504K
  class space    used 17502K, capacity 18986K, committed 19112K, reserved 1048576K
Event: 583.321 GC heap after
Heap after GC invocations=32 (full 4):
 PSYoungGen      total 436736K, used 60689K [0x00000000e0000000, 0x0000000100000000, 0x0000000100000000)
  eden space 363520K, 0% used [0x00000000e0000000,0x00000000e0000000,0x00000000f6300000)
  from space 73216K, 82% used [0x00000000fb880000,0x00000000ff3c4690,0x0000000100000000)
  to   space 80384K, 0% used [0x00000000f6300000,0x00000000f6300000,0x00000000fb180000)
 ParOldGen       total 231936K, used 105867K [0x00000000a0000000, 0x00000000ae280000, 0x00000000e0000000)
  object space 231936K, 45% used [0x00000000a0000000,0x00000000a6762c48,0x00000000ae280000)
 Metaspace       used 135000K, capacity 142602K, committed 142760K, reserved 1173504K
  class space    used 17502K, capacity 18986K, committed 19112K, reserved 1048576K
}
Event: 587.957 GC heap before
{Heap before GC invocations=33 (full 4):
 PSYoungGen      total 436736K, used 424209K [0x00000000e0000000, 0x0000000100000000, 0x0000000100000000)
  eden space 363520K, 100% used [0x00000000e0000000,0x00000000f6300000,0x00000000f6300000)
  from space 73216K, 82% used [0x00000000fb880000,0x00000000ff3c4690,0x0000000100000000)
  to   space 80384K, 0% used [0x00000000f6300000,0x00000000f6300000,0x00000000fb180000)
 ParOldGen       total 231936K, used 105867K [0x00000000a0000000, 0x00000000ae280000, 0x00000000e0000000)
  object space 231936K, 45% used [0x00000000a0000000,0x00000000a6762c48,0x00000000ae280000)
 Metaspace       used 140869K, capacity 148508K, committed 148776K, reserved 1177600K
  class space    used 18129K, capacity 19635K, committed 19752K, reserved 1048576K
Event: 588.090 GC heap after
Heap after GC invocations=33 (full 4):
 PSYoungGen      total 443904K, used 80376K [0x00000000e0000000, 0x0000000100000000, 0x0000000100000000)
  eden space 363520K, 0% used [0x00000000e0000000,0x00000000e0000000,0x00000000f6300000)
  from space 80384K, 99% used [0x00000000f6300000,0x00000000fb17e1a0,0x00000000fb180000)
  to   space 80384K, 0% used [0x00000000fb180000,0x00000000fb180000,0x0000000100000000)
 ParOldGen       total 231936K, used 160312K [0x00000000a0000000, 0x00000000ae280000, 0x00000000e0000000)
  object space 231936K, 69% used [0x00000000a0000000,0x00000000a9c8e260,0x00000000ae280000)
 Metaspace       used 140869K, capacity 148508K, committed 148776K, reserved 1177600K
  class space    used 18129K, capacity 19635K, committed 19752K, reserved 1048576K
}
Event: 605.914 GC heap before
{Heap before GC invocations=34 (full 4):
 PSYoungGen      total 443904K, used 443896K [0x00000000e0000000, 0x0000000100000000, 0x0000000100000000)
  eden space 363520K, 100% used [0x00000000e0000000,0x00000000f6300000,0x00000000f6300000)
  from space 80384K, 99% used [0x00000000f6300000,0x00000000fb17e1a0,0x00000000fb180000)
  to   space 80384K, 0% used [0x00000000fb180000,0x00000000fb180000,0x0000000100000000)
 ParOldGen       total 231936K, used 160312K [0x00000000a0000000, 0x00000000ae280000, 0x00000000e0000000)
  object space 231936K, 69% used [0x00000000a0000000,0x00000000a9c8e260,0x00000000ae280000)
 Metaspace       used 143704K, capacity 151374K, committed 151464K, reserved 1181696K
  class space    used 18358K, capacity 19862K, committed 19880K, reserved 1048576K
Event: 606.486 GC heap after
Heap after GC invocations=34 (full 4):
 PSYoungGen      total 443904K, used 443896K [0x00000000e0000000, 0x0000000100000000, 0x0000000100000000)
  eden space 363520K, 100% used [0x00000000e0000000,0x00000000f6300000,0x00000000f6300000)
  from space 80384K, 99% used [0x00000000f6300000,0x00000000fb17e1a0,0x00000000fb180000)
  to   space 80384K, 99% used [0x00000000fb180000,0x00000000ffffe8d8,0x0000000100000000)
 ParOldGen       total 255488K, used 255070K [0x00000000a0000000, 0x00000000af980000, 0x00000000e0000000)
  object space 255488K, 99% used [0x00000000a0000000,0x00000000af917940,0x00000000af980000)
 Metaspace       used 143704K, capacity 151374K, committed 151464K, reserved 1181696K
  class space    used 18358K, capacity 19862K, committed 19880K, reserved 1048576K
}
Event: 606.486 GC heap before
{Heap before GC invocations=35 (full 5):
 PSYoungGen      total 443904K, used 443896K [0x00000000e0000000, 0x0000000100000000, 0x0000000100000000)
  eden space 363520K, 100% used [0x00000000e0000000,0x00000000f6300000,0x00000000f6300000)
  from space 80384K, 99% used [0x00000000f6300000,0x00000000fb17e1a0,0x00000000fb180000)
  to   space 80384K, 99% used [0x00000000fb180000,0x00000000ffffe8d8,0x0000000100000000)
 ParOldGen       total 255488K, used 255070K [0x00000000a0000000, 0x00000000af980000, 0x00000000e0000000)
  object space 255488K, 99% used [0x00000000a0000000,0x00000000af917940,0x00000000af980000)
 Metaspace       used 143704K, capacity 151374K, committed 151464K, reserved 1181696K
  class space    used 18358K, capacity 19862K, committed 19880K, reserved 1048576K

